[INFO] Scanning for projects...
[INFO] 
[INFO] ----------------------< com.portfolio:portfolio >-----------------------
[INFO] Building . 0.0.1-SNAPSHOT
[INFO]   from pom.xml
[INFO] --------------------------------[ jar ]---------------------------------
[INFO] 
[INFO] --- clean:3.5.0:clean (default-clean) @ portfolio ---
[INFO] Deleting C:\Users\Youcode\Desktop\M-Portfolios-CV-Readme\MHallaffou-Pr\server\target
[INFO] 
[INFO] --- resources:3.3.1:resources (default-resources) @ portfolio ---
[INFO] Copying 1 resource from src\main\resources to target\classes
[INFO] Copying 0 resource from src\main\resources to target\classes
[INFO] 
[INFO] --- compiler:3.14.1:compile (default-compile) @ portfolio ---
[INFO] Recompiling the module because of changed source code.
[INFO] Compiling 41 source files with javac [debug parameters release 17] to target\classes
[INFO] -------------------------------------------------------------
[ERROR] COMPILATION ERROR : 
[INFO] -------------------------------------------------------------
[ERROR] /C:/Users/Youcode/Desktop/M-Portfolios-CV-Readme/MHallaffou-Pr/server/src/main/java/com/portfolio/controllers/FileStorageController.java:[27,50] cannot find symbol
  symbol:   method storeFile(org.springframework.web.multipart.MultipartFile)
  location: variable fileStorageService of type com.portfolio.services.FileStorageService
[ERROR] /C:/Users/Youcode/Desktop/M-Portfolios-CV-Readme/MHallaffou-Pr/server/src/main/java/com/portfolio/controllers/FileStorageController.java:[40,47] cannot find symbol
  symbol:   method loadFileAsResource(java.lang.String)
  location: variable fileStorageService of type com.portfolio.services.FileStorageService
[INFO] 2 errors 
[INFO] -------------------------------------------------------------
[INFO] ------------------------------------------------------------------------
[INFO] BUILD FAILURE
[INFO] ------------------------------------------------------------------------
[INFO] Total time:  8.832 s
[INFO] Finished at: 2026-02-28T23:06:46Z
[INFO] ------------------------------------------------------------------------
[ERROR] Failed to execute goal org.apache.maven.plugins:maven-compiler-plugin:3.14.1:compile (default-compile) on project portfolio: Compilation failure: Compilation failure: 
[ERROR] /C:/Users/Youcode/Desktop/M-Portfolios-CV-Readme/MHallaffou-Pr/server/src/main/java/com/portfolio/controllers/FileStorageController.java:[27,50] cannot find symbol
[ERROR]   symbol:   method storeFile(org.springframework.web.multipart.MultipartFile)
[ERROR]   location: variable fileStorageService of type com.portfolio.services.FileStorageService
[ERROR] /C:/Users/Youcode/Desktop/M-Portfolios-CV-Readme/MHallaffou-Pr/server/src/main/java/com/portfolio/controllers/FileStorageController.java:[40,47] cannot find symbol
[ERROR]   symbol:   method loadFileAsResource(java.lang.String)
[ERROR]   location: variable fileStorageService of type com.portfolio.services.FileStorageService
[ERROR] -> [Help 1]
[ERROR] 
[ERROR] To see the full stack trace of the errors, re-run Maven with the -e switch.
[ERROR] Re-run Maven using the -X switch to enable full debug logging.
[ERROR] 
[ERROR] For more information about the errors and possible solutions, please read the following articles:
[ERROR] [Help 1] http://cwiki.apache.org/confluence/display/MAVEN/MojoFailureException
